rm -f results.xml
"make" -f Makefile results.xml
make[1]: Entering directory '/home/riacosta/Documents/uvm_ver/ML_cocotb'
mkdir -p sim_build
/usr/bin/iverilog -o sim_build/sim.vvp -s filter -g2012 -f sim_build/cmds.f  filter.v
/home/riacosta/Documents/uvm_ver/.venv/lib/python3.12/site-packages/cocotb_tools/makefiles/simulators/Makefile.icarus:66: Using MODULE is deprecated, please use COCOTB_TEST_MODULES instead.
rm -f results.xml
COCOTB_TEST_MODULES=test_fir_ml COCOTB_TESTCASE= COCOTB_TEST_FILTER= COCOTB_TOPLEVEL=filter TOPLEVEL_LANG=verilog \
         /usr/bin/vvp -M /home/riacosta/Documents/uvm_ver/.venv/lib/python3.12/site-packages/cocotb/libs -m libcocotbvpi_icarus   sim_build/sim.vvp   
     -.--ns INFO     gpi                                ..mbed/gpi_embed.cpp:93   in _embed_init_python              Using Python 3.12.4 interpreter at /home/riacosta/Documents/uvm_ver/.venv/bin/python
     -.--ns INFO     gpi                                ../gpi/GpiCommon.cpp:79   in gpi_print_registered_impl       VPI registered
     0.00ns INFO     cocotb                             Running on Icarus Verilog version 12.0 (stable)
     0.00ns INFO     cocotb                             Seeding Python random module with 1769949358
     0.00ns INFO     cocotb                             Initialized cocotb v2.0.1 from /home/riacosta/Documents/uvm_ver/.venv/lib/python3.12/site-packages/cocotb
     0.00ns INFO     cocotb                             Running tests
     0.00ns INFO     cocotb.regression                  running test_fir_ml.fir_ml_test (1/1)
    11.00ns INFO     cocotb.filter                      Ciclo 000 - Total Overflows: 0000
   211.00ns INFO     cocotb.filter                      Ciclo 020 - Total Overflows: 0007
   411.00ns INFO     cocotb.filter                      Ciclo 040 - Total Overflows: 0013
   611.00ns INFO     cocotb.filter                      Ciclo 060 - Total Overflows: 0014
   811.00ns INFO     cocotb.filter                      Ciclo 080 - Total Overflows: 0017
  1011.00ns INFO     cocotb.filter                      Ciclo 100 - Total Overflows: 0024
  1211.00ns INFO     cocotb.filter                      Ciclo 120 - Total Overflows: 0029
  1411.00ns INFO     cocotb.filter                      Ciclo 140 - Total Overflows: 0031
  1611.00ns INFO     cocotb.filter                      Ciclo 160 - Total Overflows: 0038
  1811.00ns INFO     cocotb.filter                      Ciclo 180 - Total Overflows: 0045
  2001.00ns INFO     cocotb.filter                      Test finalizado. Overflows totales encontrados: 48
  2001.00ns INFO     cocotb.regression                  test_fir_ml.fir_ml_test passed
  2001.00ns INFO     cocotb.regression                  **************************************************************************************
                                                        ** TEST                          STATUS  SIM TIME (ns)  REAL TIME (s)  RATIO (ns/s) **
                                                        **************************************************************************************
                                                        ** test_fir_ml.fir_ml_test        PASS        2001.00           0.46       4360.92  **
                                                        **************************************************************************************
                                                        ** TESTS=1 PASS=1 FAIL=0 SKIP=0               2001.00           0.46       4350.61  **
                                                        **************************************************************************************
make[1]: Leaving directory '/home/riacosta/Documents/uvm_ver/ML_cocotb'
